<?xml version="1.0" encoding="UTF-8"?>
<testsuite xmlns:xsi="http://www.w3.org/2001/XMLSchema-instance" xsi:noNamespaceSchemaLocation="https://maven.apache.org/surefire/maven-surefire-plugin/xsd/surefire-test-report-3.0.xsd" version="3.0" name="TestSuite" time="47.253" tests="5" errors="0" skipped="0" failures="4">
  <properties>
[...]
</properties>
  <testcase name="loginTest" classname="com.nopcommerce.testCases.TC_LoginDDT_002" time="7.375">
    <failure message="expected [true] but found [false]" type="java.lang.AssertionError">java.lang.AssertionError: expected [true] but found [false]
	at com.nopcommerce.testCases.TC_LoginDDT_002.loginTest(TC_LoginDDT_002.java:41)
</failure>
    <system-out><![CDATA[ INFO [main] (TC_LoginDDT_002.java:18)- URL is opened....
 INFO [main] (TC_LoginDDT_002.java:22)- User provided
 INFO [main] (TC_LoginDDT_002.java:25)- Password provided
 INFO [main] (TC_LoginDDT_002.java:28)- Login in clicked
]]></system-out>
    <system-err><![CDATA[1580703432486	mozrunner::runner	INFO	Running command: "C:\\Program Files (x86)\\Mozilla Firefox\\firefox.exe" "-marionette" "-foreground" "-no-remote" "-profile" "C:\\WINDOWS\\TEMP\\rust_mozprofile.gYeGCcTkewCR"
1580703432898	addons.webextension.screenshots@mozilla.org	WARN	Loading extension 'screenshots@mozilla.org': Reading manifest: Invalid host permission: resource://pdf.js/
1580703432898	addons.webextension.screenshots@mozilla.org	WARN	Loading extension 'screenshots@mozilla.org': Reading manifest: Invalid host permission: about:reader*
1580703434134	Marionette	INFO	Listening on port 52305
1580703434160	Marionette	WARN	TLS certificate errors will be ignored for this session
Feb 02, 2020 11:17:14 PM org.openqa.selenium.remote.ProtocolHandshake createSession
INFO: Detected dialect: W3C
]]></system-err>
  </testcase>
  <testcase name="loginTest" classname="com.nopcommerce.testCases.TC_LoginDDT_002" time="6.843">
    <failure message="expected [true] but found [false]" type="java.lang.AssertionError">java.lang.AssertionError: expected [true] but found [false]
	at com.nopcommerce.testCases.TC_LoginDDT_002.loginTest(TC_LoginDDT_002.java:41)
</failure>
    <system-out><![CDATA[ INFO [main] (TC_LoginDDT_002.java:18)- URL is opened....
 INFO [main] (TC_LoginDDT_002.java:22)- User provided
 INFO [main] (TC_LoginDDT_002.java:25)- Password provided
 INFO [main] (TC_LoginDDT_002.java:28)- Login in clicked
]]></system-out>
  </testcase>
  <testcase name="loginTest" classname="com.nopcommerce.testCases.TC_LoginDDT_002" time="6.845">
    <failure message="expected [true] but found [false]" type="java.lang.AssertionError">java.lang.AssertionError: expected [true] but found [false]
	at com.nopcommerce.testCases.TC_LoginDDT_002.loginTest(TC_LoginDDT_002.java:41)
</failure>
    <system-out><![CDATA[ INFO [main] (TC_LoginDDT_002.java:18)- URL is opened....
 INFO [main] (TC_LoginDDT_002.java:22)- User provided
 INFO [main] (TC_LoginDDT_002.java:25)- Password provided
 INFO [main] (TC_LoginDDT_002.java:28)- Login in clicked
]]></system-out>
    <system-err><![CDATA[console.error: BroadcastService: 
  receivedBroadcastMessage: handler for
  remote-settings/monitor_changes
  threw error:
  Message: Error: Polling for changes failed: NetworkError when attempting to fetch resource..
  Stack:
    remoteSettingsFunction/remoteSettings.pollChanges@resource://services-settings/remote-settings.js:188:13

]]></system-err>
  </testcase>
  <testcase name="loginTest" classname="com.nopcommerce.testCases.TC_LoginDDT_002" time="6.325">
    <failure message="expected [true] but found [false]" type="java.lang.AssertionError">java.lang.AssertionError: expected [true] but found [false]
	at com.nopcommerce.testCases.TC_LoginDDT_002.loginTest(TC_LoginDDT_002.java:41)
</failure>
    <system-out><![CDATA[ INFO [main] (TC_LoginDDT_002.java:18)- URL is opened....
 INFO [main] (TC_LoginDDT_002.java:22)- User provided
 INFO [main] (TC_LoginDDT_002.java:25)- Password provided
 INFO [main] (TC_LoginDDT_002.java:28)- Login in clicked
]]></system-out>
  </testcase>
  <testcase name="addNewCustomer" classname="com.nopcommerce.testCases.TC_AddCustomerTest_003" time="11.657"/>
</testsuite>